0 info it worked if it ends with ok
1 verbose cli [ '/usr/local/bin/node', '/usr/local/bin/npm', 'run', 'build' ]
2 info using npm@3.9.5
3 info using node@v6.2.2
4 verbose run-script [ 'prebuild', 'build', 'postbuild' ]
5 info lifecycle TejidosClient@1.0.0~prebuild: TejidosClient@1.0.0
6 verbose lifecycle TejidosClient@1.0.0~prebuild: unsafe-perm in lifecycle true
7 verbose lifecycle TejidosClient@1.0.0~prebuild: PATH: /usr/local/lib/node_modules/npm/bin/node-gyp-bin:/Users/danielrosato/Documents/ReactJS/TejidosClient/node_modules/.bin:/usr/local/bin:/Users/danielrosato/.rvm/gems/ruby-2.2.3@tejidosFD/bin:/Users/danielrosato/.rvm/gems/ruby-2.2.3@global/bin:/Users/danielrosato/.rvm/rubies/ruby-2.2.3/bin:/Users/danielrosato/.rvm/bin:/opt/local/bin:/opt/local/sbin:/opt/local/bin:/opt/local/sbin:/usr/local/bin:/usr/bin:/bin:/usr/sbin:/sbin:/opt/X11/bin:/Applications/Android/ADT/sdk/platform-tools:/Applications/Android/ADT/sdk:/usr/local/bin/cordova:/usr/local/git/bin:/Library/PostgreSQL/9.3/bin:/usr/local/bin:/Applications/Cocos2d/cocos2d-js-v3.5/tools/cocos2d-console/bin:/usr/local/bin:/Applications/Android/NDK-R10D:/Applications/Android/ADT/sdk:/Applications/Android/ADT/sdk/tools:/Applications/Android/ADT/sdk/platform-tools
8 verbose lifecycle TejidosClient@1.0.0~prebuild: CWD: /Users/danielrosato/Documents/ReactJS/TejidosClient
9 silly lifecycle TejidosClient@1.0.0~prebuild: Args: [ '-c', 'npm-run-all clean-public lint build:html' ]
10 silly lifecycle TejidosClient@1.0.0~prebuild: Returned: code: 1  signal: null
11 info lifecycle TejidosClient@1.0.0~prebuild: Failed to exec prebuild script
12 verbose stack Error: TejidosClient@1.0.0 prebuild: `npm-run-all clean-public lint build:html`
12 verbose stack Exit status 1
12 verbose stack     at EventEmitter.<anonymous> (/usr/local/lib/node_modules/npm/lib/utils/lifecycle.js:245:16)
12 verbose stack     at emitTwo (events.js:106:13)
12 verbose stack     at EventEmitter.emit (events.js:191:7)
12 verbose stack     at ChildProcess.<anonymous> (/usr/local/lib/node_modules/npm/lib/utils/spawn.js:24:14)
12 verbose stack     at emitTwo (events.js:106:13)
12 verbose stack     at ChildProcess.emit (events.js:191:7)
12 verbose stack     at maybeClose (internal/child_process.js:852:16)
12 verbose stack     at Process.ChildProcess._handle.onexit (internal/child_process.js:215:5)
13 verbose pkgid TejidosClient@1.0.0
14 verbose cwd /Users/danielrosato/Documents/ReactJS/TejidosClient
15 error Darwin 16.5.0
16 error argv "/usr/local/bin/node" "/usr/local/bin/npm" "run" "build"
17 error node v6.2.2
18 error npm  v3.9.5
19 error code ELIFECYCLE
20 error TejidosClient@1.0.0 prebuild: `npm-run-all clean-public lint build:html`
20 error Exit status 1
21 error Failed at the TejidosClient@1.0.0 prebuild script 'npm-run-all clean-public lint build:html'.
21 error Make sure you have the latest version of node.js and npm installed.
21 error If you do, this is most likely a problem with the TejidosClient package,
21 error not with npm itself.
21 error Tell the author that this fails on your system:
21 error     npm-run-all clean-public lint build:html
21 error You can get information on how to open an issue for this project with:
21 error     npm bugs TejidosClient
21 error Or if that isn't available, you can get their info via:
21 error     npm owner ls TejidosClient
21 error There is likely additional logging output above.
22 verbose exit [ 1, true ]
